INFO:root:Soldiers initialized:
INFO:root:ID: 0, X: 8, Y: 1, Speed: 4, Commander: True
INFO:root:ID: 1, X: 6, Y: 7, Speed: 3, Commander: False
INFO:root:ID: 2, X: 9, Y: 7, Speed: 3, Commander: False
INFO:root:ID: 3, X: 8, Y: 9, Speed: 2, Commander: False
INFO:root:ID: 4, X: 1, Y: 4, Speed: 3, Commander: False
INFO:root:ID: 5, X: 1, Y: 8, Speed: 1, Commander: False
INFO:root:ID: 6, X: 9, Y: 0, Speed: 0, Commander: False
INFO:root:ID: 7, X: 8, Y: 3, Speed: 2, Commander: False
INFO:root:ID: 8, X: 2, Y: 2, Speed: 2, Commander: False
INFO:root:ID: 9, X: 9, Y: 6, Speed: 2, Commander: False
INFO:root:ID: 10, X: 5, Y: 6, Speed: 2, Commander: False
INFO:root:ID: 11, X: 6, Y: 4, Speed: 1, Commander: False
INFO:root:Missile launched!
INFO:root:Missile launched!
INFO:root:Missile launched!
INFO:root:Missile launched!
INFO:root:Missile launched!
INFO:root:Missile launched!
INFO:root:BATTLE WON.
